2021-03-07 14:54:03,954 INFO o.s.w.c.ContextLoader [main] Root WebApplicationContext: initialization started
2021-03-07 14:54:04,504 INFO o.s.d.r.c.RepositoryConfigurationDelegate [main] Bootstrapping Spring Data JPA repositories in DEFAULT mode.
2021-03-07 14:54:04,703 INFO o.s.d.r.c.RepositoryConfigurationDelegate [main] Finished Spring Data repository scanning in 165 ms. Found 2 JPA repository interfaces.
2021-03-07 14:54:05,292 INFO o.h.j.i.u.LogHelper [main] HHH000204: Processing PersistenceUnitInfo [name: default]
2021-03-07 14:54:05,460 INFO o.h.Version [main] HHH000412: Hibernate ORM core version 5.4.28.Final
2021-03-07 14:54:05,859 INFO o.h.a.c.Version [main] HCANN000001: Hibernate Commons Annotations {5.1.2.Final}
2021-03-07 14:54:06,667 INFO o.h.d.Dialect [main] HHH000400: Using dialect: org.hibernate.dialect.MySQLDialect
2021-03-07 14:54:08,415 INFO o.h.e.t.j.p.i.JtaPlatformInitiator [main] HHH000490: Using JtaPlatform implementation: [org.hibernate.engine.transaction.jta.platform.internal.NoJtaPlatform]
2021-03-07 14:54:08,442 INFO o.s.o.j.LocalContainerEntityManagerFactoryBean [main] Initialized JPA EntityManagerFactory for persistence unit 'default'
2021-03-07 14:54:09,843 INFO o.s.w.c.ContextLoader [main] Root WebApplicationContext initialized in 5877 ms
2021-03-07 14:54:32,522 INFO c.d.t.c.HomeController [http-nio-8080-exec-9] INFO
2021-03-07 14:54:32,522 WARN c.d.t.c.HomeController [http-nio-8080-exec-9] WARN
2021-03-07 14:54:32,522 ERROR c.d.t.c.HomeController [http-nio-8080-exec-9] ERROR
2021-03-07 14:54:32,523 FATAL c.d.t.c.HomeController [http-nio-8080-exec-9] FATAL
2021-03-07 14:55:34,281 INFO o.s.o.j.LocalContainerEntityManagerFactoryBean [main] Closing JPA EntityManagerFactory for persistence unit 'default'
2021-03-07 14:56:34,916 INFO o.s.w.c.ContextLoader [main] Root WebApplicationContext: initialization started
2021-03-07 14:56:35,481 INFO o.s.d.r.c.RepositoryConfigurationDelegate [main] Bootstrapping Spring Data JPA repositories in DEFAULT mode.
2021-03-07 14:56:35,620 INFO o.s.d.r.c.RepositoryConfigurationDelegate [main] Finished Spring Data repository scanning in 113 ms. Found 2 JPA repository interfaces.
2021-03-07 14:56:36,186 INFO o.h.j.i.u.LogHelper [main] HHH000204: Processing PersistenceUnitInfo [name: default]
2021-03-07 14:56:36,353 INFO o.h.Version [main] HHH000412: Hibernate ORM core version 5.4.28.Final
2021-03-07 14:56:36,743 INFO o.h.a.c.Version [main] HCANN000001: Hibernate Commons Annotations {5.1.2.Final}
2021-03-07 14:56:37,492 INFO o.h.d.Dialect [main] HHH000400: Using dialect: org.hibernate.dialect.MySQLDialect
2021-03-07 14:56:39,084 INFO o.h.e.t.j.p.i.JtaPlatformInitiator [main] HHH000490: Using JtaPlatform implementation: [org.hibernate.engine.transaction.jta.platform.internal.NoJtaPlatform]
2021-03-07 14:56:39,110 INFO o.s.o.j.LocalContainerEntityManagerFactoryBean [main] Initialized JPA EntityManagerFactory for persistence unit 'default'
2021-03-07 14:56:40,317 INFO o.s.w.c.ContextLoader [main] Root WebApplicationContext initialized in 5386 ms
2021-03-07 14:56:57,198 INFO c.d.t.c.HomeController [http-nio-8080-exec-6] INFO
2021-03-07 14:56:57,199 WARN c.d.t.c.HomeController [http-nio-8080-exec-6] WARN
2021-03-07 14:56:57,199 ERROR c.d.t.c.HomeController [http-nio-8080-exec-6] ERROR
2021-03-07 14:56:57,199 FATAL c.d.t.c.HomeController [http-nio-8080-exec-6] FATAL
2021-03-07 14:57:14,892 INFO c.d.t.c.HomeController [http-nio-8080-exec-8] Artista: +Iron Maiden
2021-03-07 14:57:14,893 INFO c.d.t.c.HomeController [http-nio-8080-exec-8] Artista: +Metallica
2021-03-07 14:57:14,893 INFO c.d.t.c.HomeController [http-nio-8080-exec-8] Artista: +Metallica
15:00:42.286 [main] INFO  org.springframework.web.context.ContextLoader - Root WebApplicationContext: initialization started
15:00:42.850 [main] INFO  org.springframework.data.repository.config.RepositoryConfigurationDelegate - Bootstrapping Spring Data JPA repositories in DEFAULT mode.
15:00:42.999 [main] INFO  org.springframework.data.repository.config.RepositoryConfigurationDelegate - Finished Spring Data repository scanning in 123 ms. Found 2 JPA repository interfaces.
15:00:43.630 [main] INFO  org.hibernate.jpa.internal.util.LogHelper - HHH000204: Processing PersistenceUnitInfo [name: default]
15:00:43.812 [main] INFO  org.hibernate.Version - HHH000412: Hibernate ORM core version 5.4.28.Final
15:00:44.167 [main] INFO  org.hibernate.annotations.common.Version - HCANN000001: Hibernate Commons Annotations {5.1.2.Final}
15:00:44.936 [main] INFO  org.hibernate.dialect.Dialect - HHH000400: Using dialect: org.hibernate.dialect.MySQLDialect
15:00:46.582 [main] INFO  org.hibernate.engine.transaction.jta.platform.internal.JtaPlatformInitiator - HHH000490: Using JtaPlatform implementation: [org.hibernate.engine.transaction.jta.platform.internal.NoJtaPlatform]
15:00:46.610 [main] INFO  org.springframework.orm.jpa.LocalContainerEntityManagerFactoryBean - Initialized JPA EntityManagerFactory for persistence unit 'default'
15:00:47.774 [main] INFO  org.springframework.web.context.ContextLoader - Root WebApplicationContext initialized in 5475 ms
15:01:24.684 [main] INFO  org.springframework.orm.jpa.LocalContainerEntityManagerFactoryBean - Closing JPA EntityManagerFactory for persistence unit 'default'
15:03:35.399 [main] INFO  org.springframework.web.context.ContextLoader - Root WebApplicationContext: initialization started
15:03:36.019 [main] INFO  org.springframework.data.repository.config.RepositoryConfigurationDelegate - Bootstrapping Spring Data JPA repositories in DEFAULT mode.
15:03:36.166 [main] INFO  org.springframework.data.repository.config.RepositoryConfigurationDelegate - Finished Spring Data repository scanning in 120 ms. Found 2 JPA repository interfaces.
15:03:36.748 [main] INFO  org.hibernate.jpa.internal.util.LogHelper - HHH000204: Processing PersistenceUnitInfo [name: default]
15:03:36.901 [main] INFO  org.hibernate.Version - HHH000412: Hibernate ORM core version 5.4.28.Final
15:03:37.257 [main] INFO  org.hibernate.annotations.common.Version - HCANN000001: Hibernate Commons Annotations {5.1.2.Final}
15:03:37.964 [main] INFO  org.hibernate.dialect.Dialect - HHH000400: Using dialect: org.hibernate.dialect.MySQLDialect
15:03:39.588 [main] INFO  org.hibernate.engine.transaction.jta.platform.internal.JtaPlatformInitiator - HHH000490: Using JtaPlatform implementation: [org.hibernate.engine.transaction.jta.platform.internal.NoJtaPlatform]
15:03:39.616 [main] INFO  org.springframework.orm.jpa.LocalContainerEntityManagerFactoryBean - Initialized JPA EntityManagerFactory for persistence unit 'default'
15:03:40.869 [main] INFO  org.springframework.web.context.ContextLoader - Root WebApplicationContext initialized in 5454 ms
15:04:28.808 [http-nio-8080-exec-1] INFO  com.devpredator.tiendamusicalweb.controllers.HomeController - INFO
15:04:28.808 [http-nio-8080-exec-1] WARN  com.devpredator.tiendamusicalweb.controllers.HomeController - WARN
15:04:28.808 [http-nio-8080-exec-1] ERROR com.devpredator.tiendamusicalweb.controllers.HomeController - ERROR
15:04:28.808 [http-nio-8080-exec-1] FATAL com.devpredator.tiendamusicalweb.controllers.HomeController - FATAL
15:04:31.303 [http-nio-8080-exec-6] INFO  com.devpredator.tiendamusicalweb.controllers.HomeController - Artista: +Arctic Monkeys
15:04:31.303 [http-nio-8080-exec-6] INFO  com.devpredator.tiendamusicalweb.controllers.HomeController - Artista: +Iron Maiden
15:04:31.303 [http-nio-8080-exec-6] INFO  com.devpredator.tiendamusicalweb.controllers.HomeController - Artista: +Metallica
15:04:31.303 [http-nio-8080-exec-6] INFO  com.devpredator.tiendamusicalweb.controllers.HomeController - Artista: +Metallica
15:04:31.303 [http-nio-8080-exec-6] INFO  com.devpredator.tiendamusicalweb.controllers.HomeController - Artista: +Muse
15:04:31.646 [http-nio-8080-exec-9] INFO  com.devpredator.tiendamusicalweb.controllers.HomeController - Artista: +Iron Maiden
15:04:31.647 [http-nio-8080-exec-9] INFO  com.devpredator.tiendamusicalweb.controllers.HomeController - Artista: +Metallica
15:04:31.647 [http-nio-8080-exec-9] INFO  com.devpredator.tiendamusicalweb.controllers.HomeController - Artista: +Metallica
15:04:31.702 [http-nio-8080-exec-1] INFO  com.devpredator.tiendamusicalweb.controllers.HomeController - Artista: +Iron Maiden
15:04:31.702 [http-nio-8080-exec-1] INFO  com.devpredator.tiendamusicalweb.controllers.HomeController - Artista: +Metallica
15:04:31.702 [http-nio-8080-exec-1] INFO  com.devpredator.tiendamusicalweb.controllers.HomeController - Artista: +Metallica
15:04:31.839 [http-nio-8080-exec-4] INFO  com.devpredator.tiendamusicalweb.controllers.HomeController - Artista: +Iron Maiden
15:04:31.839 [http-nio-8080-exec-4] INFO  com.devpredator.tiendamusicalweb.controllers.HomeController - Artista: +Metallica
15:04:31.839 [http-nio-8080-exec-4] INFO  com.devpredator.tiendamusicalweb.controllers.HomeController - Artista: +Metallica
15:04:32.468 [http-nio-8080-exec-10] INFO  com.devpredator.tiendamusicalweb.controllers.HomeController - Artista: +Iron Maiden
15:04:32.468 [http-nio-8080-exec-10] INFO  com.devpredator.tiendamusicalweb.controllers.HomeController - Artista: +Metallica
15:04:32.468 [http-nio-8080-exec-10] INFO  com.devpredator.tiendamusicalweb.controllers.HomeController - Artista: +Metallica
15:05:07.304 [main] INFO  org.springframework.orm.jpa.LocalContainerEntityManagerFactoryBean - Closing JPA EntityManagerFactory for persistence unit 'default'
15:15:35.662 [main] INFO  org.springframework.web.context.ContextLoader - Root WebApplicationContext: initialization started
15:15:36.211 [main] INFO  org.springframework.data.repository.config.RepositoryConfigurationDelegate - Bootstrapping Spring Data JPA repositories in DEFAULT mode.
15:15:36.353 [main] INFO  org.springframework.data.repository.config.RepositoryConfigurationDelegate - Finished Spring Data repository scanning in 115 ms. Found 2 JPA repository interfaces.
15:15:36.913 [main] INFO  org.hibernate.jpa.internal.util.LogHelper - HHH000204: Processing PersistenceUnitInfo [name: default]
15:15:37.067 [main] INFO  org.hibernate.Version - HHH000412: Hibernate ORM core version 5.4.28.Final
15:15:37.426 [main] INFO  org.hibernate.annotations.common.Version - HCANN000001: Hibernate Commons Annotations {5.1.2.Final}
15:15:38.112 [main] INFO  org.hibernate.dialect.Dialect - HHH000400: Using dialect: org.hibernate.dialect.MySQLDialect
15:15:39.719 [main] INFO  org.hibernate.engine.transaction.jta.platform.internal.JtaPlatformInitiator - HHH000490: Using JtaPlatform implementation: [org.hibernate.engine.transaction.jta.platform.internal.NoJtaPlatform]
15:15:39.746 [main] INFO  org.springframework.orm.jpa.LocalContainerEntityManagerFactoryBean - Initialized JPA EntityManagerFactory for persistence unit 'default'
15:15:40.978 [main] INFO  org.springframework.web.context.ContextLoader - Root WebApplicationContext initialized in 5302 ms
15:16:13.753 [http-nio-8080-exec-3] INFO  com.devpredator.tiendamusicalweb.controllers.HomeController - INFO
15:16:13.754 [http-nio-8080-exec-3] WARN  com.devpredator.tiendamusicalweb.controllers.HomeController - WARN
15:16:13.754 [http-nio-8080-exec-3] ERROR com.devpredator.tiendamusicalweb.controllers.HomeController - ERROR
15:16:13.754 [http-nio-8080-exec-3] FATAL com.devpredator.tiendamusicalweb.controllers.HomeController - FATAL
15:16:15.561 [http-nio-8080-exec-4] INFO  com.devpredator.tiendamusicalweb.controllers.HomeController - Artista: +Arctic Monkeys
15:16:15.562 [http-nio-8080-exec-4] INFO  com.devpredator.tiendamusicalweb.controllers.HomeController - Artista: +Iron Maiden
15:16:15.562 [http-nio-8080-exec-4] INFO  com.devpredator.tiendamusicalweb.controllers.HomeController - Artista: +Metallica
15:16:15.562 [http-nio-8080-exec-4] INFO  com.devpredator.tiendamusicalweb.controllers.HomeController - Artista: +Metallica
15:16:15.562 [http-nio-8080-exec-4] INFO  com.devpredator.tiendamusicalweb.controllers.HomeController - Artista: +Muse
15:16:16.005 [http-nio-8080-exec-8] INFO  com.devpredator.tiendamusicalweb.controllers.HomeController - Artista: +Iron Maiden
15:16:16.005 [http-nio-8080-exec-8] INFO  com.devpredator.tiendamusicalweb.controllers.HomeController - Artista: +Metallica
15:16:16.005 [http-nio-8080-exec-8] INFO  com.devpredator.tiendamusicalweb.controllers.HomeController - Artista: +Metallica
15:16:16.057 [http-nio-8080-exec-3] INFO  com.devpredator.tiendamusicalweb.controllers.HomeController - Artista: +Iron Maiden
15:16:16.057 [http-nio-8080-exec-3] INFO  com.devpredator.tiendamusicalweb.controllers.HomeController - Artista: +Metallica
15:16:16.057 [http-nio-8080-exec-3] INFO  com.devpredator.tiendamusicalweb.controllers.HomeController - Artista: +Metallica
15:16:16.268 [http-nio-8080-exec-1] INFO  com.devpredator.tiendamusicalweb.controllers.HomeController - Artista: +Iron Maiden
15:16:16.269 [http-nio-8080-exec-1] INFO  com.devpredator.tiendamusicalweb.controllers.HomeController - Artista: +Metallica
15:16:16.269 [http-nio-8080-exec-1] INFO  com.devpredator.tiendamusicalweb.controllers.HomeController - Artista: +Metallica
15:16:50.669 [main] INFO  org.springframework.orm.jpa.LocalContainerEntityManagerFactoryBean - Closing JPA EntityManagerFactory for persistence unit 'default'
15:23:58.917 [main] INFO  org.springframework.web.context.ContextLoader - Root WebApplicationContext: initialization started
15:23:59.413 [main] INFO  org.springframework.data.repository.config.RepositoryConfigurationDelegate - Bootstrapping Spring Data JPA repositories in DEFAULT mode.
15:23:59.556 [main] INFO  org.springframework.data.repository.config.RepositoryConfigurationDelegate - Finished Spring Data repository scanning in 118 ms. Found 2 JPA repository interfaces.
15:24:00.128 [main] INFO  org.hibernate.jpa.internal.util.LogHelper - HHH000204: Processing PersistenceUnitInfo [name: default]
15:24:00.311 [main] INFO  org.hibernate.Version - HHH000412: Hibernate ORM core version 5.4.28.Final
15:24:00.669 [main] INFO  org.hibernate.annotations.common.Version - HCANN000001: Hibernate Commons Annotations {5.1.2.Final}
15:24:01.374 [main] INFO  org.hibernate.dialect.Dialect - HHH000400: Using dialect: org.hibernate.dialect.MySQLDialect
15:24:02.857 [main] INFO  org.hibernate.engine.transaction.jta.platform.internal.JtaPlatformInitiator - HHH000490: Using JtaPlatform implementation: [org.hibernate.engine.transaction.jta.platform.internal.NoJtaPlatform]
15:24:02.882 [main] INFO  org.springframework.orm.jpa.LocalContainerEntityManagerFactoryBean - Initialized JPA EntityManagerFactory for persistence unit 'default'
15:24:04.094 [main] INFO  org.springframework.web.context.ContextLoader - Root WebApplicationContext initialized in 5163 ms
15:24:46.290 [http-nio-8080-exec-4] INFO  com.devpredator.tiendamusicalweb.controllers.HomeController - INFO
15:24:46.290 [http-nio-8080-exec-4] WARN  com.devpredator.tiendamusicalweb.controllers.HomeController - WARN
15:24:46.290 [http-nio-8080-exec-4] ERROR com.devpredator.tiendamusicalweb.controllers.HomeController - ERROR
15:24:46.291 [http-nio-8080-exec-4] FATAL com.devpredator.tiendamusicalweb.controllers.HomeController - FATAL
16:04:13.925 [main] INFO  org.springframework.web.context.ContextLoader - Root WebApplicationContext: initialization started
16:04:14.447 [main] INFO  org.springframework.data.repository.config.RepositoryConfigurationDelegate - Bootstrapping Spring Data JPA repositories in DEFAULT mode.
16:04:14.586 [main] INFO  org.springframework.data.repository.config.RepositoryConfigurationDelegate - Finished Spring Data repository scanning in 114 ms. Found 2 JPA repository interfaces.
16:04:15.223 [main] INFO  org.hibernate.jpa.internal.util.LogHelper - HHH000204: Processing PersistenceUnitInfo [name: default]
16:04:15.381 [main] INFO  org.hibernate.Version - HHH000412: Hibernate ORM core version 5.4.28.Final
16:04:15.756 [main] INFO  org.hibernate.annotations.common.Version - HCANN000001: Hibernate Commons Annotations {5.1.2.Final}
16:04:16.592 [main] INFO  org.hibernate.dialect.Dialect - HHH000400: Using dialect: org.hibernate.dialect.MySQLDialect
16:04:18.288 [main] INFO  org.hibernate.engine.transaction.jta.platform.internal.JtaPlatformInitiator - HHH000490: Using JtaPlatform implementation: [org.hibernate.engine.transaction.jta.platform.internal.NoJtaPlatform]
16:04:18.312 [main] INFO  org.springframework.orm.jpa.LocalContainerEntityManagerFactoryBean - Initialized JPA EntityManagerFactory for persistence unit 'default'
16:04:19.497 [main] INFO  org.springframework.web.context.ContextLoader - Root WebApplicationContext initialized in 5558 ms
16:04:27.367 [http-nio-8080-exec-7] INFO  com.devpredator.tiendamusicalweb.controllers.HomeController - INFO
16:04:27.367 [http-nio-8080-exec-7] WARN  com.devpredator.tiendamusicalweb.controllers.HomeController - WARN
16:04:27.368 [http-nio-8080-exec-7] ERROR com.devpredator.tiendamusicalweb.controllers.HomeController - ERROR
16:04:27.368 [http-nio-8080-exec-7] FATAL com.devpredator.tiendamusicalweb.controllers.HomeController - FATAL
16:04:30.601 [http-nio-8080-exec-5] INFO  com.devpredator.tiendamusicalweb.controllers.HomeController - Artista: +Arctic Monkeys
16:04:30.601 [http-nio-8080-exec-5] INFO  com.devpredator.tiendamusicalweb.controllers.HomeController - Artista: +Iron Maiden
16:04:30.601 [http-nio-8080-exec-5] INFO  com.devpredator.tiendamusicalweb.controllers.HomeController - Artista: +Metallica
16:04:30.602 [http-nio-8080-exec-5] INFO  com.devpredator.tiendamusicalweb.controllers.HomeController - Artista: +Metallica
16:04:30.602 [http-nio-8080-exec-5] INFO  com.devpredator.tiendamusicalweb.controllers.HomeController - Artista: +Muse
16:04:31.059 [http-nio-8080-exec-3] INFO  com.devpredator.tiendamusicalweb.controllers.HomeController - Artista: +Iron Maiden
16:04:31.060 [http-nio-8080-exec-3] INFO  com.devpredator.tiendamusicalweb.controllers.HomeController - Artista: +Metallica
16:04:31.060 [http-nio-8080-exec-3] INFO  com.devpredator.tiendamusicalweb.controllers.HomeController - Artista: +Metallica
16:07:18.654 [http-nio-8080-exec-2] INFO  com.devpredator.tiendamusicalweb.controllers.HomeController - INFO
16:07:18.654 [http-nio-8080-exec-2] WARN  com.devpredator.tiendamusicalweb.controllers.HomeController - WARN
16:07:18.654 [http-nio-8080-exec-2] ERROR com.devpredator.tiendamusicalweb.controllers.HomeController - ERROR
16:07:18.654 [http-nio-8080-exec-2] FATAL com.devpredator.tiendamusicalweb.controllers.HomeController - FATAL
16:07:20.801 [http-nio-8080-exec-4] INFO  com.devpredator.tiendamusicalweb.controllers.HomeController - Artista: +Iron Maiden
16:07:20.801 [http-nio-8080-exec-4] INFO  com.devpredator.tiendamusicalweb.controllers.HomeController - Artista: +Metallica
16:07:20.801 [http-nio-8080-exec-4] INFO  com.devpredator.tiendamusicalweb.controllers.HomeController - Artista: +Metallica
16:11:53.996 [http-nio-8080-exec-3] INFO  com.devpredator.tiendamusicalweb.controllers.HomeController - INFO
16:11:53.996 [http-nio-8080-exec-3] WARN  com.devpredator.tiendamusicalweb.controllers.HomeController - WARN
16:11:53.997 [http-nio-8080-exec-3] ERROR com.devpredator.tiendamusicalweb.controllers.HomeController - ERROR
16:11:53.997 [http-nio-8080-exec-3] FATAL com.devpredator.tiendamusicalweb.controllers.HomeController - FATAL
16:11:55.660 [http-nio-8080-exec-2] INFO  com.devpredator.tiendamusicalweb.controllers.HomeController - Artista: +Iron Maiden
16:11:55.660 [http-nio-8080-exec-2] INFO  com.devpredator.tiendamusicalweb.controllers.HomeController - Artista: +Metallica
16:11:55.660 [http-nio-8080-exec-2] INFO  com.devpredator.tiendamusicalweb.controllers.HomeController - Artista: +Metallica
16:11:58.806 [http-nio-8080-exec-3] INFO  com.devpredator.tiendamusicalweb.controllers.HomeController - INFO
16:11:58.806 [http-nio-8080-exec-3] WARN  com.devpredator.tiendamusicalweb.controllers.HomeController - WARN
16:11:58.806 [http-nio-8080-exec-3] ERROR com.devpredator.tiendamusicalweb.controllers.HomeController - ERROR
16:11:58.806 [http-nio-8080-exec-3] FATAL com.devpredator.tiendamusicalweb.controllers.HomeController - FATAL
16:12:00.306 [http-nio-8080-exec-9] INFO  com.devpredator.tiendamusicalweb.controllers.HomeController - Artista: +Iron Maiden
16:12:00.306 [http-nio-8080-exec-9] INFO  com.devpredator.tiendamusicalweb.controllers.HomeController - Artista: +Metallica
16:12:00.306 [http-nio-8080-exec-9] INFO  com.devpredator.tiendamusicalweb.controllers.HomeController - Artista: +Metallica
16:12:03.268 [http-nio-8080-exec-1] INFO  com.devpredator.tiendamusicalweb.controllers.HomeController - INFO
16:12:03.268 [http-nio-8080-exec-1] WARN  com.devpredator.tiendamusicalweb.controllers.HomeController - WARN
16:12:03.268 [http-nio-8080-exec-1] ERROR com.devpredator.tiendamusicalweb.controllers.HomeController - ERROR
16:12:03.268 [http-nio-8080-exec-1] FATAL com.devpredator.tiendamusicalweb.controllers.HomeController - FATAL
16:12:05.115 [http-nio-8080-exec-4] INFO  com.devpredator.tiendamusicalweb.controllers.HomeController - Artista: +Iron Maiden
16:12:05.115 [http-nio-8080-exec-4] INFO  com.devpredator.tiendamusicalweb.controllers.HomeController - Artista: +Metallica
16:12:05.116 [http-nio-8080-exec-4] INFO  com.devpredator.tiendamusicalweb.controllers.HomeController - Artista: +Metallica
16:12:06.979 [http-nio-8080-exec-7] INFO  com.devpredator.tiendamusicalweb.controllers.HomeController - INFO
16:12:06.980 [http-nio-8080-exec-7] WARN  com.devpredator.tiendamusicalweb.controllers.HomeController - WARN
16:12:06.980 [http-nio-8080-exec-7] ERROR com.devpredator.tiendamusicalweb.controllers.HomeController - ERROR
16:12:06.980 [http-nio-8080-exec-7] FATAL com.devpredator.tiendamusicalweb.controllers.HomeController - FATAL
16:12:08.835 [http-nio-8080-exec-10] INFO  com.devpredator.tiendamusicalweb.controllers.HomeController - Artista: +Iron Maiden
16:12:08.836 [http-nio-8080-exec-10] INFO  com.devpredator.tiendamusicalweb.controllers.HomeController - Artista: +Metallica
16:12:08.836 [http-nio-8080-exec-10] INFO  com.devpredator.tiendamusicalweb.controllers.HomeController - Artista: +Metallica
16:13:37.899 [http-nio-8080-exec-4] INFO  com.devpredator.tiendamusicalweb.controllers.HomeController - INFO
16:13:37.899 [http-nio-8080-exec-4] WARN  com.devpredator.tiendamusicalweb.controllers.HomeController - WARN
16:13:37.899 [http-nio-8080-exec-4] ERROR com.devpredator.tiendamusicalweb.controllers.HomeController - ERROR
16:13:37.899 [http-nio-8080-exec-4] FATAL com.devpredator.tiendamusicalweb.controllers.HomeController - FATAL
16:13:39.346 [http-nio-8080-exec-5] INFO  com.devpredator.tiendamusicalweb.controllers.HomeController - Artista: +Iron Maiden
16:13:39.346 [http-nio-8080-exec-5] INFO  com.devpredator.tiendamusicalweb.controllers.HomeController - Artista: +Metallica
16:13:39.346 [http-nio-8080-exec-5] INFO  com.devpredator.tiendamusicalweb.controllers.HomeController - Artista: +Metallica
16:13:49.426 [http-nio-8080-exec-3] INFO  com.devpredator.tiendamusicalweb.controllers.HomeController - INFO
16:13:49.426 [http-nio-8080-exec-3] WARN  com.devpredator.tiendamusicalweb.controllers.HomeController - WARN
16:13:49.427 [http-nio-8080-exec-3] ERROR com.devpredator.tiendamusicalweb.controllers.HomeController - ERROR
16:13:49.427 [http-nio-8080-exec-3] FATAL com.devpredator.tiendamusicalweb.controllers.HomeController - FATAL
16:13:50.598 [http-nio-8080-exec-7] INFO  com.devpredator.tiendamusicalweb.controllers.HomeController - Artista: +Iron Maiden
16:13:50.598 [http-nio-8080-exec-7] INFO  com.devpredator.tiendamusicalweb.controllers.HomeController - Artista: +Metallica
16:13:50.598 [http-nio-8080-exec-7] INFO  com.devpredator.tiendamusicalweb.controllers.HomeController - Artista: +Metallica
16:13:58.395 [http-nio-8080-exec-8] INFO  com.devpredator.tiendamusicalweb.controllers.HomeController - INFO
16:13:58.395 [http-nio-8080-exec-8] WARN  com.devpredator.tiendamusicalweb.controllers.HomeController - WARN
16:13:58.395 [http-nio-8080-exec-8] ERROR com.devpredator.tiendamusicalweb.controllers.HomeController - ERROR
16:13:58.395 [http-nio-8080-exec-8] FATAL com.devpredator.tiendamusicalweb.controllers.HomeController - FATAL
16:13:59.426 [http-nio-8080-exec-9] INFO  com.devpredator.tiendamusicalweb.controllers.HomeController - Artista: +Iron Maiden
16:13:59.426 [http-nio-8080-exec-9] INFO  com.devpredator.tiendamusicalweb.controllers.HomeController - Artista: +Metallica
16:13:59.426 [http-nio-8080-exec-9] INFO  com.devpredator.tiendamusicalweb.controllers.HomeController - Artista: +Metallica
16:14:01.637 [http-nio-8080-exec-6] INFO  com.devpredator.tiendamusicalweb.controllers.HomeController - INFO
16:14:01.637 [http-nio-8080-exec-6] WARN  com.devpredator.tiendamusicalweb.controllers.HomeController - WARN
16:14:01.637 [http-nio-8080-exec-6] ERROR com.devpredator.tiendamusicalweb.controllers.HomeController - ERROR
16:14:01.638 [http-nio-8080-exec-6] FATAL com.devpredator.tiendamusicalweb.controllers.HomeController - FATAL
16:14:10.151 [http-nio-8080-exec-10] INFO  com.devpredator.tiendamusicalweb.controllers.HomeController - INFO
16:14:10.151 [http-nio-8080-exec-10] WARN  com.devpredator.tiendamusicalweb.controllers.HomeController - WARN
16:14:10.151 [http-nio-8080-exec-10] ERROR com.devpredator.tiendamusicalweb.controllers.HomeController - ERROR
16:14:10.151 [http-nio-8080-exec-10] FATAL com.devpredator.tiendamusicalweb.controllers.HomeController - FATAL
16:14:13.330 [http-nio-8080-exec-4] INFO  com.devpredator.tiendamusicalweb.controllers.HomeController - Artista: +Arctic Monkeys
16:14:13.330 [http-nio-8080-exec-4] INFO  com.devpredator.tiendamusicalweb.controllers.HomeController - Artista: +Iron Maiden
16:14:13.330 [http-nio-8080-exec-4] INFO  com.devpredator.tiendamusicalweb.controllers.HomeController - Artista: +Metallica
16:14:13.330 [http-nio-8080-exec-4] INFO  com.devpredator.tiendamusicalweb.controllers.HomeController - Artista: +Metallica
16:14:13.330 [http-nio-8080-exec-4] INFO  com.devpredator.tiendamusicalweb.controllers.HomeController - Artista: +Muse
16:14:13.618 [http-nio-8080-exec-1] INFO  com.devpredator.tiendamusicalweb.controllers.HomeController - Artista: +Iron Maiden
16:14:13.618 [http-nio-8080-exec-1] INFO  com.devpredator.tiendamusicalweb.controllers.HomeController - Artista: +Metallica
16:14:13.618 [http-nio-8080-exec-1] INFO  com.devpredator.tiendamusicalweb.controllers.HomeController - Artista: +Metallica
16:14:14.113 [http-nio-8080-exec-7] INFO  com.devpredator.tiendamusicalweb.controllers.HomeController - Artista: +Iron Maiden
16:14:14.113 [http-nio-8080-exec-7] INFO  com.devpredator.tiendamusicalweb.controllers.HomeController - Artista: +Metallica
16:14:14.113 [http-nio-8080-exec-7] INFO  com.devpredator.tiendamusicalweb.controllers.HomeController - Artista: +Metallica
16:14:18.786 [http-nio-8080-exec-3] INFO  com.devpredator.tiendamusicalweb.controllers.HomeController - INFO
16:14:18.786 [http-nio-8080-exec-3] WARN  com.devpredator.tiendamusicalweb.controllers.HomeController - WARN
16:14:18.786 [http-nio-8080-exec-3] ERROR com.devpredator.tiendamusicalweb.controllers.HomeController - ERROR
16:14:18.786 [http-nio-8080-exec-3] FATAL com.devpredator.tiendamusicalweb.controllers.HomeController - FATAL
16:14:27.921 [http-nio-8080-exec-6] INFO  com.devpredator.tiendamusicalweb.controllers.HomeController - INFO
16:14:27.922 [http-nio-8080-exec-6] WARN  com.devpredator.tiendamusicalweb.controllers.HomeController - WARN
16:14:27.922 [http-nio-8080-exec-6] ERROR com.devpredator.tiendamusicalweb.controllers.HomeController - ERROR
16:14:27.922 [http-nio-8080-exec-6] FATAL com.devpredator.tiendamusicalweb.controllers.HomeController - FATAL
16:14:29.123 [http-nio-8080-exec-1] INFO  com.devpredator.tiendamusicalweb.controllers.HomeController - Artista: +Iron Maiden
16:14:29.123 [http-nio-8080-exec-1] INFO  com.devpredator.tiendamusicalweb.controllers.HomeController - Artista: +Metallica
16:14:29.123 [http-nio-8080-exec-1] INFO  com.devpredator.tiendamusicalweb.controllers.HomeController - Artista: +Metallica
16:22:54.212 [http-nio-8080-exec-11] INFO  com.devpredator.tiendamusicalweb.controllers.HomeController - INFO
16:22:54.212 [http-nio-8080-exec-11] WARN  com.devpredator.tiendamusicalweb.controllers.HomeController - WARN
16:22:54.212 [http-nio-8080-exec-11] ERROR com.devpredator.tiendamusicalweb.controllers.HomeController - ERROR
16:22:54.212 [http-nio-8080-exec-11] FATAL com.devpredator.tiendamusicalweb.controllers.HomeController - FATAL
16:22:55.636 [http-nio-8080-exec-12] INFO  com.devpredator.tiendamusicalweb.controllers.HomeController - Artista: +Iron Maiden
16:22:55.636 [http-nio-8080-exec-12] INFO  com.devpredator.tiendamusicalweb.controllers.HomeController - Artista: +Metallica
16:22:55.637 [http-nio-8080-exec-12] INFO  com.devpredator.tiendamusicalweb.controllers.HomeController - Artista: +Metallica
16:31:10.672 [Catalina-utility-2] INFO  org.springframework.orm.jpa.LocalContainerEntityManagerFactoryBean - Closing JPA EntityManagerFactory for persistence unit 'default'
16:31:14.888 [Catalina-utility-2] INFO  org.springframework.web.context.ContextLoader - Root WebApplicationContext: initialization started
16:31:15.416 [Catalina-utility-2] INFO  org.springframework.data.repository.config.RepositoryConfigurationDelegate - Bootstrapping Spring Data JPA repositories in DEFAULT mode.
16:31:15.548 [Catalina-utility-2] INFO  org.springframework.data.repository.config.RepositoryConfigurationDelegate - Finished Spring Data repository scanning in 111 ms. Found 2 JPA repository interfaces.
16:31:16.121 [Catalina-utility-2] INFO  org.hibernate.jpa.internal.util.LogHelper - HHH000204: Processing PersistenceUnitInfo [name: default]
16:31:16.290 [Catalina-utility-2] INFO  org.hibernate.Version - HHH000412: Hibernate ORM core version 5.4.28.Final
16:31:16.681 [Catalina-utility-2] INFO  org.hibernate.annotations.common.Version - HCANN000001: Hibernate Commons Annotations {5.1.2.Final}
16:31:17.377 [Catalina-utility-2] INFO  org.hibernate.dialect.Dialect - HHH000400: Using dialect: org.hibernate.dialect.MySQLDialect
16:31:19.254 [Catalina-utility-2] INFO  org.hibernate.engine.transaction.jta.platform.internal.JtaPlatformInitiator - HHH000490: Using JtaPlatform implementation: [org.hibernate.engine.transaction.jta.platform.internal.NoJtaPlatform]
16:31:19.288 [Catalina-utility-2] INFO  org.springframework.orm.jpa.LocalContainerEntityManagerFactoryBean - Initialized JPA EntityManagerFactory for persistence unit 'default'
16:31:20.447 [Catalina-utility-2] INFO  org.springframework.web.context.ContextLoader - Root WebApplicationContext initialized in 5540 ms
16:36:28.539 [main] INFO  org.springframework.web.context.ContextLoader - Root WebApplicationContext: initialization started
16:36:29.028 [main] INFO  org.springframework.data.repository.config.RepositoryConfigurationDelegate - Bootstrapping Spring Data JPA repositories in DEFAULT mode.
16:36:29.166 [main] INFO  org.springframework.data.repository.config.RepositoryConfigurationDelegate - Finished Spring Data repository scanning in 115 ms. Found 2 JPA repository interfaces.
16:36:29.738 [main] INFO  org.hibernate.jpa.internal.util.LogHelper - HHH000204: Processing PersistenceUnitInfo [name: default]
16:36:29.942 [main] INFO  org.hibernate.Version - HHH000412: Hibernate ORM core version 5.4.28.Final
16:36:30.309 [main] INFO  org.hibernate.annotations.common.Version - HCANN000001: Hibernate Commons Annotations {5.1.2.Final}
16:36:31.027 [main] INFO  org.hibernate.dialect.Dialect - HHH000400: Using dialect: org.hibernate.dialect.MySQLDialect
16:36:32.581 [main] INFO  org.hibernate.engine.transaction.jta.platform.internal.JtaPlatformInitiator - HHH000490: Using JtaPlatform implementation: [org.hibernate.engine.transaction.jta.platform.internal.NoJtaPlatform]
16:36:32.607 [main] INFO  org.springframework.orm.jpa.LocalContainerEntityManagerFactoryBean - Initialized JPA EntityManagerFactory for persistence unit 'default'
16:36:33.917 [main] INFO  org.springframework.web.context.ContextLoader - Root WebApplicationContext initialized in 5365 ms
16:36:42.513 [http-nio-8080-exec-5] INFO  com.devpredator.tiendamusicalweb.controllers.HomeController - INFO
16:36:42.514 [http-nio-8080-exec-5] WARN  com.devpredator.tiendamusicalweb.controllers.HomeController - WARN
16:36:42.514 [http-nio-8080-exec-5] ERROR com.devpredator.tiendamusicalweb.controllers.HomeController - ERROR
16:36:42.514 [http-nio-8080-exec-5] FATAL com.devpredator.tiendamusicalweb.controllers.HomeController - FATAL
16:36:44.692 [http-nio-8080-exec-9] INFO  com.devpredator.tiendamusicalweb.controllers.HomeController - Artista: +Iron Maiden
16:36:44.692 [http-nio-8080-exec-9] INFO  com.devpredator.tiendamusicalweb.controllers.HomeController - Artista: +Metallica
16:36:44.692 [http-nio-8080-exec-9] INFO  com.devpredator.tiendamusicalweb.controllers.HomeController - Artista: +Metallica
16:41:03.736 [main] INFO  org.springframework.orm.jpa.LocalContainerEntityManagerFactoryBean - Closing JPA EntityManagerFactory for persistence unit 'default'
